13-Dec-2016 01:44:02.715 INFO [main] org.apache.catalina.startup.VersionLoggerListener.log Server version:        Apache Tomcat/9.0.0.M15
13-Dec-2016 01:44:02.717 INFO [main] org.apache.catalina.startup.VersionLoggerListener.log Server built:          Dec 5 2016 13:44:25 UTC
13-Dec-2016 01:44:02.717 INFO [main] org.apache.catalina.startup.VersionLoggerListener.log Server number:         9.0.0.0
13-Dec-2016 01:44:02.717 INFO [main] org.apache.catalina.startup.VersionLoggerListener.log OS Name:               Linux
13-Dec-2016 01:44:02.717 INFO [main] org.apache.catalina.startup.VersionLoggerListener.log OS Version:            4.4.0-53-generic
13-Dec-2016 01:44:02.717 INFO [main] org.apache.catalina.startup.VersionLoggerListener.log Architecture:          amd64
13-Dec-2016 01:44:02.717 INFO [main] org.apache.catalina.startup.VersionLoggerListener.log Java Home:             /usr/lib/jvm/jdk1.8.0_91/jre
13-Dec-2016 01:44:02.718 INFO [main] org.apache.catalina.startup.VersionLoggerListener.log JVM Version:           1.8.0_91-b14
13-Dec-2016 01:44:02.718 INFO [main] org.apache.catalina.startup.VersionLoggerListener.log JVM Vendor:            Oracle Corporation
13-Dec-2016 01:44:02.718 INFO [main] org.apache.catalina.startup.VersionLoggerListener.log CATALINA_BASE:         /home/rnavagamuwa/Documents/CSE/FYP/Dev/shapelet-learner-webapp/apache-tomcat-9.0.0.M15
13-Dec-2016 01:44:02.718 INFO [main] org.apache.catalina.startup.VersionLoggerListener.log CATALINA_HOME:         /home/rnavagamuwa/Documents/CSE/FYP/Dev/shapelet-learner-webapp/apache-tomcat-9.0.0.M15
13-Dec-2016 01:44:02.718 INFO [main] org.apache.catalina.startup.VersionLoggerListener.log Command line argument: -Djava.util.logging.config.file=/home/rnavagamuwa/Documents/CSE/FYP/Dev/shapelet-learner-webapp/apache-tomcat-9.0.0.M15/conf/logging.properties
13-Dec-2016 01:44:02.718 INFO [main] org.apache.catalina.startup.VersionLoggerListener.log Command line argument: -Djava.util.logging.manager=org.apache.juli.ClassLoaderLogManager
13-Dec-2016 01:44:02.718 INFO [main] org.apache.catalina.startup.VersionLoggerListener.log Command line argument: -Djdk.tls.ephemeralDHKeySize=2048
13-Dec-2016 01:44:02.718 INFO [main] org.apache.catalina.startup.VersionLoggerListener.log Command line argument: -Djava.protocol.handler.pkgs=org.apache.catalina.webresources
13-Dec-2016 01:44:02.718 INFO [main] org.apache.catalina.startup.VersionLoggerListener.log Command line argument: -Dcatalina.base=/home/rnavagamuwa/Documents/CSE/FYP/Dev/shapelet-learner-webapp/apache-tomcat-9.0.0.M15
13-Dec-2016 01:44:02.718 INFO [main] org.apache.catalina.startup.VersionLoggerListener.log Command line argument: -Dcatalina.home=/home/rnavagamuwa/Documents/CSE/FYP/Dev/shapelet-learner-webapp/apache-tomcat-9.0.0.M15
13-Dec-2016 01:44:02.718 INFO [main] org.apache.catalina.startup.VersionLoggerListener.log Command line argument: -Djava.io.tmpdir=/home/rnavagamuwa/Documents/CSE/FYP/Dev/shapelet-learner-webapp/apache-tomcat-9.0.0.M15/temp
13-Dec-2016 01:44:02.718 INFO [main] org.apache.catalina.core.AprLifecycleListener.lifecycleEvent The APR based Apache Tomcat Native library which allows optimal performance in production environments was not found on the java.library.path: /usr/java/packages/lib/amd64:/usr/lib64:/lib64:/lib:/usr/lib
13-Dec-2016 01:44:02.851 INFO [main] org.apache.coyote.AbstractProtocol.init Initializing ProtocolHandler ["http-nio-8080"]
13-Dec-2016 01:44:02.872 INFO [main] org.apache.tomcat.util.net.NioSelectorPool.getSharedSelector Using a shared selector for servlet write/read
13-Dec-2016 01:44:02.874 INFO [main] org.apache.coyote.AbstractProtocol.init Initializing ProtocolHandler ["ajp-nio-8009"]
13-Dec-2016 01:44:02.876 INFO [main] org.apache.tomcat.util.net.NioSelectorPool.getSharedSelector Using a shared selector for servlet write/read
13-Dec-2016 01:44:02.876 INFO [main] org.apache.catalina.startup.Catalina.load Initialization processed in 522 ms
13-Dec-2016 01:44:02.897 INFO [main] org.apache.catalina.core.StandardService.startInternal Starting service Catalina
13-Dec-2016 01:44:02.897 INFO [main] org.apache.catalina.core.StandardEngine.startInternal Starting Servlet Engine: Apache Tomcat/9.0.0.M15
13-Dec-2016 01:44:02.912 INFO [localhost-startStop-1] org.apache.catalina.startup.HostConfig.deployWAR Deploying web application archive /home/rnavagamuwa/Documents/CSE/FYP/Dev/shapelet-learner-webapp/apache-tomcat-9.0.0.M15/webapps/Shapelet-trainer.war
13-Dec-2016 01:44:04.110 INFO [localhost-startStop-1] org.apache.jasper.servlet.TldScanner.scanJars At least one JAR was scanned for TLDs yet contained no TLDs. Enable debug logging for this logger for a complete list of JARs that were scanned but no TLDs were found in them. Skipping unneeded JARs during scanning can improve startup time and JSP compilation time.
13-Dec-2016 01:44:04.128 INFO [localhost-startStop-1] org.springframework.web.context.ContextLoader.initWebApplicationContext Root WebApplicationContext: initialization started
13-Dec-2016 01:44:04.147 INFO [localhost-startStop-1] org.springframework.context.support.AbstractApplicationContext.prepareRefresh Refreshing Root WebApplicationContext: startup date [Tue Dec 13 01:44:04 IST 2016]; root of context hierarchy
13-Dec-2016 01:44:04.176 INFO [localhost-startStop-1] org.springframework.beans.factory.xml.XmlBeanDefinitionReader.loadBeanDefinitions Loading XML bean definitions from ServletContext resource [/WEB-INF/mvc-dispatcher-servlet.xml]
13-Dec-2016 01:44:04.276 INFO [localhost-startStop-1] org.springframework.context.annotation.ClassPathScanningCandidateComponentProvider.registerDefaultFilters JSR-250 'javax.annotation.ManagedBean' found and supported for component scanning
13-Dec-2016 01:44:04.382 INFO [localhost-startStop-1] org.springframework.beans.factory.support.DefaultListableBeanFactory.preInstantiateSingletons Pre-instantiating singletons in org.springframework.beans.factory.support.DefaultListableBeanFactory@56779e23: defining beans [requestController,org.springframework.context.annotation.internalConfigurationAnnotationProcessor,org.springframework.context.annotation.internalAutowiredAnnotationProcessor,org.springframework.context.annotation.internalRequiredAnnotationProcessor,org.springframework.context.annotation.internalCommonAnnotationProcessor,org.springframework.web.servlet.mvc.annotation.DefaultAnnotationHandlerMapping#0,org.springframework.format.support.FormattingConversionServiceFactoryBean#0,org.springframework.web.servlet.mvc.annotation.AnnotationMethodHandlerAdapter#0,org.springframework.web.servlet.handler.MappedInterceptor#0,org.springframework.web.servlet.view.InternalResourceViewResolver#0]; root of factory hierarchy
13-Dec-2016 01:44:04.452 INFO [localhost-startStop-1] org.springframework.web.servlet.handler.AbstractUrlHandlerMapping.registerHandler Mapped URL path [/movie/{name}] onto handler 'requestController'
13-Dec-2016 01:44:04.453 INFO [localhost-startStop-1] org.springframework.web.servlet.handler.AbstractUrlHandlerMapping.registerHandler Mapped URL path [/movie/{name}.*] onto handler 'requestController'
13-Dec-2016 01:44:04.453 INFO [localhost-startStop-1] org.springframework.web.servlet.handler.AbstractUrlHandlerMapping.registerHandler Mapped URL path [/movie/{name}/] onto handler 'requestController'
13-Dec-2016 01:44:04.537 INFO [localhost-startStop-1] org.springframework.web.context.ContextLoader.initWebApplicationContext Root WebApplicationContext: initialization completed in 409 ms
13-Dec-2016 01:44:04.551 INFO [localhost-startStop-1] org.springframework.web.servlet.FrameworkServlet.initServletBean FrameworkServlet 'mvc-dispatcher': initialization started
13-Dec-2016 01:44:04.553 INFO [localhost-startStop-1] org.springframework.context.support.AbstractApplicationContext.prepareRefresh Refreshing WebApplicationContext for namespace 'mvc-dispatcher-servlet': startup date [Tue Dec 13 01:44:04 IST 2016]; parent: Root WebApplicationContext
13-Dec-2016 01:44:04.553 INFO [localhost-startStop-1] org.springframework.beans.factory.xml.XmlBeanDefinitionReader.loadBeanDefinitions Loading XML bean definitions from ServletContext resource [/WEB-INF/mvc-dispatcher-servlet.xml]
13-Dec-2016 01:44:04.577 INFO [localhost-startStop-1] org.springframework.context.annotation.ClassPathScanningCandidateComponentProvider.registerDefaultFilters JSR-250 'javax.annotation.ManagedBean' found and supported for component scanning
13-Dec-2016 01:44:04.583 INFO [localhost-startStop-1] org.springframework.beans.factory.support.DefaultListableBeanFactory.preInstantiateSingletons Pre-instantiating singletons in org.springframework.beans.factory.support.DefaultListableBeanFactory@6d97ccd8: defining beans [requestController,org.springframework.context.annotation.internalConfigurationAnnotationProcessor,org.springframework.context.annotation.internalAutowiredAnnotationProcessor,org.springframework.context.annotation.internalRequiredAnnotationProcessor,org.springframework.context.annotation.internalCommonAnnotationProcessor,org.springframework.web.servlet.mvc.annotation.DefaultAnnotationHandlerMapping#0,org.springframework.format.support.FormattingConversionServiceFactoryBean#0,org.springframework.web.servlet.mvc.annotation.AnnotationMethodHandlerAdapter#0,org.springframework.web.servlet.handler.MappedInterceptor#0,org.springframework.web.servlet.view.InternalResourceViewResolver#0]; parent: org.springframework.beans.factory.support.DefaultListableBeanFactory@56779e23
13-Dec-2016 01:44:04.587 INFO [localhost-startStop-1] org.springframework.web.servlet.handler.AbstractUrlHandlerMapping.registerHandler Mapped URL path [/movie/{name}] onto handler 'requestController'
13-Dec-2016 01:44:04.587 INFO [localhost-startStop-1] org.springframework.web.servlet.handler.AbstractUrlHandlerMapping.registerHandler Mapped URL path [/movie/{name}.*] onto handler 'requestController'
13-Dec-2016 01:44:04.587 INFO [localhost-startStop-1] org.springframework.web.servlet.handler.AbstractUrlHandlerMapping.registerHandler Mapped URL path [/movie/{name}/] onto handler 'requestController'
13-Dec-2016 01:44:04.621 INFO [localhost-startStop-1] org.springframework.web.servlet.FrameworkServlet.initServletBean FrameworkServlet 'mvc-dispatcher': initialization completed in 70 ms
13-Dec-2016 01:44:04.628 INFO [localhost-startStop-1] org.apache.catalina.startup.HostConfig.deployWAR Deployment of web application archive /home/rnavagamuwa/Documents/CSE/FYP/Dev/shapelet-learner-webapp/apache-tomcat-9.0.0.M15/webapps/Shapelet-trainer.war has finished in 1,716 ms
13-Dec-2016 01:44:04.631 INFO [main] org.apache.coyote.AbstractProtocol.start Starting ProtocolHandler [http-nio-8080]
13-Dec-2016 01:44:04.635 INFO [main] org.apache.coyote.AbstractProtocol.start Starting ProtocolHandler [ajp-nio-8009]
13-Dec-2016 01:44:04.636 INFO [main] org.apache.catalina.startup.Catalina.start Server startup in 1759 ms
13-Dec-2016 01:46:44.034 INFO [main] org.apache.catalina.core.StandardServer.await A valid shutdown command was received via the shutdown port. Stopping the Server instance.
13-Dec-2016 01:46:44.035 INFO [main] org.apache.coyote.AbstractProtocol.pause Pausing ProtocolHandler ["http-nio-8080"]
13-Dec-2016 01:46:44.087 INFO [main] org.apache.coyote.AbstractProtocol.pause Pausing ProtocolHandler ["ajp-nio-8009"]
13-Dec-2016 01:46:44.139 INFO [main] org.apache.catalina.core.StandardService.stopInternal Stopping service Catalina
13-Dec-2016 01:46:44.144 INFO [localhost-startStop-2] org.springframework.context.support.AbstractApplicationContext.doClose Closing WebApplicationContext for namespace 'mvc-dispatcher-servlet': startup date [Tue Dec 13 01:44:04 IST 2016]; parent: Root WebApplicationContext
13-Dec-2016 01:46:44.145 INFO [localhost-startStop-2] org.springframework.beans.factory.support.DefaultSingletonBeanRegistry.destroySingletons Destroying singletons in org.springframework.beans.factory.support.DefaultListableBeanFactory@6d97ccd8: defining beans [requestController,org.springframework.context.annotation.internalConfigurationAnnotationProcessor,org.springframework.context.annotation.internalAutowiredAnnotationProcessor,org.springframework.context.annotation.internalRequiredAnnotationProcessor,org.springframework.context.annotation.internalCommonAnnotationProcessor,org.springframework.web.servlet.mvc.annotation.DefaultAnnotationHandlerMapping#0,org.springframework.format.support.FormattingConversionServiceFactoryBean#0,org.springframework.web.servlet.mvc.annotation.AnnotationMethodHandlerAdapter#0,org.springframework.web.servlet.handler.MappedInterceptor#0,org.springframework.web.servlet.view.InternalResourceViewResolver#0]; parent: org.springframework.beans.factory.support.DefaultListableBeanFactory@56779e23
13-Dec-2016 01:46:44.161 INFO [localhost-startStop-2] org.springframework.context.support.AbstractApplicationContext.doClose Closing Root WebApplicationContext: startup date [Tue Dec 13 01:44:04 IST 2016]; root of context hierarchy
13-Dec-2016 01:46:44.161 INFO [localhost-startStop-2] org.springframework.beans.factory.support.DefaultSingletonBeanRegistry.destroySingletons Destroying singletons in org.springframework.beans.factory.support.DefaultListableBeanFactory@56779e23: defining beans [requestController,org.springframework.context.annotation.internalConfigurationAnnotationProcessor,org.springframework.context.annotation.internalAutowiredAnnotationProcessor,org.springframework.context.annotation.internalRequiredAnnotationProcessor,org.springframework.context.annotation.internalCommonAnnotationProcessor,org.springframework.web.servlet.mvc.annotation.DefaultAnnotationHandlerMapping#0,org.springframework.format.support.FormattingConversionServiceFactoryBean#0,org.springframework.web.servlet.mvc.annotation.AnnotationMethodHandlerAdapter#0,org.springframework.web.servlet.handler.MappedInterceptor#0,org.springframework.web.servlet.view.InternalResourceViewResolver#0]; root of factory hierarchy
13-Dec-2016 01:46:44.184 INFO [main] org.apache.coyote.AbstractProtocol.stop Stopping ProtocolHandler ["http-nio-8080"]
13-Dec-2016 01:46:44.185 INFO [main] org.apache.coyote.AbstractProtocol.stop Stopping ProtocolHandler ["ajp-nio-8009"]
13-Dec-2016 01:46:44.186 INFO [main] org.apache.coyote.AbstractProtocol.destroy Destroying ProtocolHandler ["http-nio-8080"]
13-Dec-2016 01:46:44.186 INFO [main] org.apache.coyote.AbstractProtocol.destroy Destroying ProtocolHandler ["ajp-nio-8009"]
