10-Dec-2016 23:44:03.867 INFO [main] org.apache.catalina.startup.VersionLoggerListener.log Server version:        Apache Tomcat/9.0.0.M15
10-Dec-2016 23:44:03.869 INFO [main] org.apache.catalina.startup.VersionLoggerListener.log Server built:          Dec 5 2016 13:44:25 UTC
10-Dec-2016 23:44:03.869 INFO [main] org.apache.catalina.startup.VersionLoggerListener.log Server number:         9.0.0.0
10-Dec-2016 23:44:03.869 INFO [main] org.apache.catalina.startup.VersionLoggerListener.log OS Name:               Linux
10-Dec-2016 23:44:03.870 INFO [main] org.apache.catalina.startup.VersionLoggerListener.log OS Version:            4.4.0-53-generic
10-Dec-2016 23:44:03.870 INFO [main] org.apache.catalina.startup.VersionLoggerListener.log Architecture:          amd64
10-Dec-2016 23:44:03.870 INFO [main] org.apache.catalina.startup.VersionLoggerListener.log Java Home:             /usr/lib/jvm/jdk1.8.0_91/jre
10-Dec-2016 23:44:03.870 INFO [main] org.apache.catalina.startup.VersionLoggerListener.log JVM Version:           1.8.0_91-b14
10-Dec-2016 23:44:03.870 INFO [main] org.apache.catalina.startup.VersionLoggerListener.log JVM Vendor:            Oracle Corporation
10-Dec-2016 23:44:03.870 INFO [main] org.apache.catalina.startup.VersionLoggerListener.log CATALINA_BASE:         /home/rnavagamuwa/Downloads/apache-tomcat-9.0.0.M15
10-Dec-2016 23:44:03.870 INFO [main] org.apache.catalina.startup.VersionLoggerListener.log CATALINA_HOME:         /home/rnavagamuwa/Downloads/apache-tomcat-9.0.0.M15
10-Dec-2016 23:44:03.871 INFO [main] org.apache.catalina.startup.VersionLoggerListener.log Command line argument: -Djava.util.logging.config.file=/home/rnavagamuwa/Downloads/apache-tomcat-9.0.0.M15/conf/logging.properties
10-Dec-2016 23:44:03.871 INFO [main] org.apache.catalina.startup.VersionLoggerListener.log Command line argument: -Djava.util.logging.manager=org.apache.juli.ClassLoaderLogManager
10-Dec-2016 23:44:03.871 INFO [main] org.apache.catalina.startup.VersionLoggerListener.log Command line argument: -Djdk.tls.ephemeralDHKeySize=2048
10-Dec-2016 23:44:03.871 INFO [main] org.apache.catalina.startup.VersionLoggerListener.log Command line argument: -Djava.protocol.handler.pkgs=org.apache.catalina.webresources
10-Dec-2016 23:44:03.871 INFO [main] org.apache.catalina.startup.VersionLoggerListener.log Command line argument: -Dcatalina.base=/home/rnavagamuwa/Downloads/apache-tomcat-9.0.0.M15
10-Dec-2016 23:44:03.871 INFO [main] org.apache.catalina.startup.VersionLoggerListener.log Command line argument: -Dcatalina.home=/home/rnavagamuwa/Downloads/apache-tomcat-9.0.0.M15
10-Dec-2016 23:44:03.871 INFO [main] org.apache.catalina.startup.VersionLoggerListener.log Command line argument: -Djava.io.tmpdir=/home/rnavagamuwa/Downloads/apache-tomcat-9.0.0.M15/temp
10-Dec-2016 23:44:03.871 INFO [main] org.apache.catalina.core.AprLifecycleListener.lifecycleEvent The APR based Apache Tomcat Native library which allows optimal performance in production environments was not found on the java.library.path: /usr/java/packages/lib/amd64:/usr/lib64:/lib64:/lib:/usr/lib
10-Dec-2016 23:44:03.978 INFO [main] org.apache.coyote.AbstractProtocol.init Initializing ProtocolHandler ["http-nio-8080"]
10-Dec-2016 23:44:03.998 INFO [main] org.apache.tomcat.util.net.NioSelectorPool.getSharedSelector Using a shared selector for servlet write/read
10-Dec-2016 23:44:04.000 INFO [main] org.apache.coyote.AbstractProtocol.init Initializing ProtocolHandler ["ajp-nio-8009"]
10-Dec-2016 23:44:04.001 INFO [main] org.apache.tomcat.util.net.NioSelectorPool.getSharedSelector Using a shared selector for servlet write/read
10-Dec-2016 23:44:04.002 INFO [main] org.apache.catalina.startup.Catalina.load Initialization processed in 434 ms
10-Dec-2016 23:44:04.026 INFO [main] org.apache.catalina.core.StandardService.startInternal Starting service Catalina
10-Dec-2016 23:44:04.026 INFO [main] org.apache.catalina.core.StandardEngine.startInternal Starting Servlet Engine: Apache Tomcat/9.0.0.M15
10-Dec-2016 23:44:04.042 INFO [localhost-startStop-1] org.apache.catalina.startup.HostConfig.deployWAR Deploying web application archive /home/rnavagamuwa/Downloads/apache-tomcat-9.0.0.M15/webapps/spring2-mvc-xml-hello-world-1.0-SNAPSHOT.war
10-Dec-2016 23:44:04.612 INFO [localhost-startStop-1] org.apache.jasper.servlet.TldScanner.scanJars At least one JAR was scanned for TLDs yet contained no TLDs. Enable debug logging for this logger for a complete list of JARs that were scanned but no TLDs were found in them. Skipping unneeded JARs during scanning can improve startup time and JSP compilation time.
10-Dec-2016 23:44:04.673 INFO [localhost-startStop-1] org.springframework.web.servlet.FrameworkServlet.initServletBean FrameworkServlet 'mvc-dispatcher': initialization started
10-Dec-2016 23:44:04.680 INFO [localhost-startStop-1] org.springframework.context.support.AbstractApplicationContext.prepareRefresh Refreshing org.springframework.web.context.support.XmlWebApplicationContext@770c3d99: display name [WebApplicationContext for namespace 'mvc-dispatcher-servlet']; startup date [Sat Dec 10 23:44:04 IST 2016]; root of context hierarchy
10-Dec-2016 23:44:04.705 INFO [localhost-startStop-1] org.springframework.beans.factory.xml.XmlBeanDefinitionReader.loadBeanDefinitions Loading XML bean definitions from ServletContext resource [/WEB-INF/mvc-dispatcher-servlet.xml]
10-Dec-2016 23:44:04.776 INFO [localhost-startStop-1] org.springframework.context.support.AbstractApplicationContext.obtainFreshBeanFactory Bean factory for application context [org.springframework.web.context.support.XmlWebApplicationContext@770c3d99]: org.springframework.beans.factory.support.DefaultListableBeanFactory@183d2df0
10-Dec-2016 23:44:04.790 INFO [localhost-startStop-1] org.springframework.beans.factory.support.DefaultListableBeanFactory.preInstantiateSingletons Pre-instantiating singletons in org.springframework.beans.factory.support.DefaultListableBeanFactory@183d2df0: defining beans [viewResolver,/welcome.htm]; root of factory hierarchy
10-Dec-2016 23:44:04.821 INFO [localhost-startStop-1] org.springframework.web.servlet.FrameworkServlet.initServletBean FrameworkServlet 'mvc-dispatcher': initialization completed in 148 ms
10-Dec-2016 23:44:04.827 INFO [localhost-startStop-1] org.apache.catalina.startup.HostConfig.deployWAR Deployment of web application archive /home/rnavagamuwa/Downloads/apache-tomcat-9.0.0.M15/webapps/spring2-mvc-xml-hello-world-1.0-SNAPSHOT.war has finished in 784 ms
10-Dec-2016 23:44:04.827 INFO [localhost-startStop-1] org.apache.catalina.startup.HostConfig.deployDirectory Deploying web application directory /home/rnavagamuwa/Downloads/apache-tomcat-9.0.0.M15/webapps/ROOT
10-Dec-2016 23:44:04.852 INFO [localhost-startStop-1] org.apache.catalina.startup.HostConfig.deployDirectory Deployment of web application directory /home/rnavagamuwa/Downloads/apache-tomcat-9.0.0.M15/webapps/ROOT has finished in 25 ms
10-Dec-2016 23:44:04.852 INFO [localhost-startStop-1] org.apache.catalina.startup.HostConfig.deployDirectory Deploying web application directory /home/rnavagamuwa/Downloads/apache-tomcat-9.0.0.M15/webapps/examples
10-Dec-2016 23:44:04.940 INFO [localhost-startStop-1] org.apache.catalina.startup.HostConfig.deployDirectory Deployment of web application directory /home/rnavagamuwa/Downloads/apache-tomcat-9.0.0.M15/webapps/examples has finished in 88 ms
10-Dec-2016 23:44:04.940 INFO [localhost-startStop-1] org.apache.catalina.startup.HostConfig.deployDirectory Deploying web application directory /home/rnavagamuwa/Downloads/apache-tomcat-9.0.0.M15/webapps/docs
10-Dec-2016 23:44:04.948 INFO [localhost-startStop-1] org.apache.catalina.startup.HostConfig.deployDirectory Deployment of web application directory /home/rnavagamuwa/Downloads/apache-tomcat-9.0.0.M15/webapps/docs has finished in 8 ms
10-Dec-2016 23:44:04.948 INFO [localhost-startStop-1] org.apache.catalina.startup.HostConfig.deployDirectory Deploying web application directory /home/rnavagamuwa/Downloads/apache-tomcat-9.0.0.M15/webapps/host-manager
10-Dec-2016 23:44:04.961 INFO [localhost-startStop-1] org.apache.catalina.startup.HostConfig.deployDirectory Deployment of web application directory /home/rnavagamuwa/Downloads/apache-tomcat-9.0.0.M15/webapps/host-manager has finished in 13 ms
10-Dec-2016 23:44:04.961 INFO [localhost-startStop-1] org.apache.catalina.startup.HostConfig.deployDirectory Deploying web application directory /home/rnavagamuwa/Downloads/apache-tomcat-9.0.0.M15/webapps/manager
10-Dec-2016 23:44:04.972 INFO [localhost-startStop-1] org.apache.catalina.startup.HostConfig.deployDirectory Deployment of web application directory /home/rnavagamuwa/Downloads/apache-tomcat-9.0.0.M15/webapps/manager has finished in 11 ms
10-Dec-2016 23:44:04.974 INFO [main] org.apache.coyote.AbstractProtocol.start Starting ProtocolHandler [http-nio-8080]
10-Dec-2016 23:44:04.977 INFO [main] org.apache.coyote.AbstractProtocol.start Starting ProtocolHandler [ajp-nio-8009]
10-Dec-2016 23:44:04.978 INFO [main] org.apache.catalina.startup.Catalina.start Server startup in 975 ms
10-Dec-2016 23:44:29.947 WARNING [http-nio-8080-exec-1] org.springframework.web.servlet.DispatcherServlet.noHandlerFound No mapping found for HTTP request with URI [/spring2-mvc-xml-hello-world-1.0-SNAPSHOT/] in DispatcherServlet with name 'mvc-dispatcher'
10-Dec-2016 23:44:33.697 WARNING [http-nio-8080-exec-2] org.springframework.web.servlet.DispatcherServlet.noHandlerFound No mapping found for HTTP request with URI [/spring2-mvc-xml-hello-world-1.0-SNAPSHOT/] in DispatcherServlet with name 'mvc-dispatcher'
10-Dec-2016 23:45:10.659 INFO [Thread-5] org.apache.coyote.AbstractProtocol.pause Pausing ProtocolHandler ["http-nio-8080"]
10-Dec-2016 23:45:10.715 INFO [Thread-5] org.apache.coyote.AbstractProtocol.pause Pausing ProtocolHandler ["ajp-nio-8009"]
10-Dec-2016 23:45:10.767 INFO [Thread-5] org.apache.catalina.core.StandardService.stopInternal Stopping service Catalina
10-Dec-2016 23:45:10.792 INFO [localhost-startStop-2] org.springframework.context.support.AbstractApplicationContext.doClose Closing org.springframework.web.context.support.XmlWebApplicationContext@770c3d99: display name [WebApplicationContext for namespace 'mvc-dispatcher-servlet']; startup date [Sat Dec 10 23:44:04 IST 2016]; root of context hierarchy
10-Dec-2016 23:45:10.792 INFO [localhost-startStop-2] org.springframework.beans.factory.support.DefaultSingletonBeanRegistry.destroySingletons Destroying singletons in org.springframework.beans.factory.support.DefaultListableBeanFactory@183d2df0: defining beans [viewResolver,/welcome.htm]; root of factory hierarchy
10-Dec-2016 23:45:10.798 INFO [Thread-5] org.apache.coyote.AbstractProtocol.stop Stopping ProtocolHandler ["http-nio-8080"]
10-Dec-2016 23:45:10.799 INFO [Thread-5] org.apache.coyote.AbstractProtocol.stop Stopping ProtocolHandler ["ajp-nio-8009"]
10-Dec-2016 23:45:10.800 INFO [Thread-5] org.apache.coyote.AbstractProtocol.destroy Destroying ProtocolHandler ["http-nio-8080"]
10-Dec-2016 23:45:10.800 INFO [Thread-5] org.apache.coyote.AbstractProtocol.destroy Destroying ProtocolHandler ["ajp-nio-8009"]
