13-Dec-2016 01:44:04.128 INFO [localhost-startStop-1] org.apache.catalina.core.ApplicationContext.log Initializing Spring root WebApplicationContext
13-Dec-2016 01:44:04.551 INFO [localhost-startStop-1] org.apache.catalina.core.ApplicationContext.log Initializing Spring FrameworkServlet 'mvc-dispatcher'
13-Dec-2016 01:46:44.143 INFO [localhost-startStop-2] org.apache.catalina.core.ApplicationContext.log Destroying Spring FrameworkServlet 'mvc-dispatcher'
13-Dec-2016 01:46:44.160 INFO [localhost-startStop-2] org.apache.catalina.core.ApplicationContext.log Closing Spring root WebApplicationContext
13-Dec-2016 01:46:44.163 SEVERE [localhost-startStop-2] org.apache.catalina.core.StandardContext.listenerStop Exception sending context destroyed event to listener instance of class org.springframework.web.context.ContextLoaderListener
 java.lang.IllegalStateException: java.io.FileNotFoundException: /home/rnavagamuwa/Documents/CSE/FYP/Dev/shapelet-learner-webapp/apache-tomcat-9.0.0.M15/webapps/Shapelet-trainer/WEB-INF/lib/native_system-java-1.1.jar (No such file or directory)
	at org.apache.catalina.webresources.AbstractSingleArchiveResourceSet.getArchiveEntry(AbstractSingleArchiveResourceSet.java:97)
	at org.apache.catalina.webresources.AbstractArchiveResourceSet.getResource(AbstractArchiveResourceSet.java:260)
	at org.apache.catalina.webresources.StandardRoot.getResourceInternal(StandardRoot.java:280)
	at org.apache.catalina.webresources.Cache.getResource(Cache.java:62)
	at org.apache.catalina.webresources.StandardRoot.getResource(StandardRoot.java:215)
	at org.apache.catalina.webresources.StandardRoot.getClassLoaderResource(StandardRoot.java:224)
	at org.apache.catalina.loader.WebappClassLoaderBase.findClassInternal(WebappClassLoaderBase.java:2155)
	at org.apache.catalina.loader.WebappClassLoaderBase.findClass(WebappClassLoaderBase.java:803)
	at org.apache.catalina.loader.WebappClassLoaderBase.loadClass(WebappClassLoaderBase.java:1244)
	at org.apache.catalina.loader.WebappClassLoaderBase.loadClass(WebappClassLoaderBase.java:1109)
	at org.springframework.web.context.ContextLoaderListener.contextDestroyed(ContextLoaderListener.java:80)
	at org.apache.catalina.core.StandardContext.listenerStop(StandardContext.java:4764)
	at org.apache.catalina.core.StandardContext.stopInternal(StandardContext.java:5401)
	at org.apache.catalina.util.LifecycleBase.stop(LifecycleBase.java:257)
	at org.apache.catalina.core.ContainerBase$StopChild.call(ContainerBase.java:1435)
	at org.apache.catalina.core.ContainerBase$StopChild.call(ContainerBase.java:1424)
	at java.util.concurrent.FutureTask.run(FutureTask.java:266)
	at java.util.concurrent.ThreadPoolExecutor.runWorker(ThreadPoolExecutor.java:1142)
	at java.util.concurrent.ThreadPoolExecutor$Worker.run(ThreadPoolExecutor.java:617)
	at java.lang.Thread.run(Thread.java:745)
Caused by: java.io.FileNotFoundException: /home/rnavagamuwa/Documents/CSE/FYP/Dev/shapelet-learner-webapp/apache-tomcat-9.0.0.M15/webapps/Shapelet-trainer/WEB-INF/lib/native_system-java-1.1.jar (No such file or directory)
	at java.util.zip.ZipFile.open(Native Method)
	at java.util.zip.ZipFile.<init>(ZipFile.java:219)
	at java.util.zip.ZipFile.<init>(ZipFile.java:149)
	at java.util.jar.JarFile.<init>(JarFile.java:166)
	at java.util.jar.JarFile.<init>(JarFile.java:103)
	at org.apache.catalina.webresources.AbstractArchiveResourceSet.openJarFile(AbstractArchiveResourceSet.java:308)
	at org.apache.catalina.webresources.AbstractSingleArchiveResourceSet.getArchiveEntry(AbstractSingleArchiveResourceSet.java:93)
	... 19 more

